<?xml version="1.0" encoding="UTF-8"?>
<!-- Generated by org.testng.reporters.JUnitReportReporter -->
<testsuite hostname="Deepa" failures="0" tests="2" name="Test_03.WebDemoShop_Practice" time="2.181" errors="0" timestamp="2025-08-18T18:19:12 IST" skipped="0">
  <testcase classname="Test_03.WebDemoShop_Practice" name="clickBook" time="1.050"/>
  <testcase classname="Test_03.WebDemoShop_Practice" name="logIn" time="1.131"/>
</testsuite> <!-- Test_03.WebDemoShop_Practice -->
