<?xml version="1.0" encoding="UTF-8"?>
<!-- Generated by org.testng.reporters.JUnitReportReporter -->
<testsuite hostname="Deepa" failures="0" tests="3" name="Test_05.Dataprovider_loop" time="0.016" errors="0" timestamp="2025-08-19T16:18:40 IST" skipped="0">
  <testcase classname="Test_05.Dataprovider_loop" name="loginTest" time="0.011"/>
  <testcase classname="Test_05.Dataprovider_loop" name="loginTest" time="0.002"/>
  <testcase classname="Test_05.Dataprovider_loop" name="loginTest" time="0.003"/>
</testsuite> <!-- Test_05.Dataprovider_loop -->
