<?xml version="1.0" encoding="UTF-8"?>
<!-- Generated by org.testng.reporters.JUnitReportReporter -->
<testsuite hostname="Deepa" failures="0" tests="1" name="Test_07.MultipleTabs" time="18.535" errors="0" timestamp="2025-08-20T10:12:04 IST" skipped="0">
  <testcase classname="Test_07.MultipleTabs" name="testMultipleWindows" time="18.535"/>
</testsuite> <!-- Test_07.MultipleTabs -->
