<?xml version="1.0" encoding="UTF-8"?>
<!-- Generated by org.testng.reporters.JUnitReportReporter -->
<testsuite hostname="Deepa" failures="0" tests="4" name="Test_04.DemoShop_Task" time="10.897" errors="0" timestamp="2025-08-18T18:18:25 IST" skipped="1">
  <testcase classname="Test_04.DemoShop_Task" name="registerTest" time="6.138"/>
  <testcase classname="Test_04.DemoShop_Task" name="loginTest" time="3.274"/>
  <testcase classname="Test_04.DemoShop_Task" name="searchProduct" time="1.485"/>
  <testcase classname="Test_04.DemoShop_Task" name="wishlistTest">
    <skipped/>
  </testcase> <!-- wishlistTest -->
</testsuite> <!-- Test_04.DemoShop_Task -->
