<?xml version="1.0" encoding="UTF-8"?>
<!-- Generated by org.testng.reporters.JUnitReportReporter -->
<testsuite hostname="Deepa" failures="0" tests="2" name="testDemo1.Application" time="6.609" errors="0" timestamp="2025-08-14T10:50:13 IST" skipped="0">
  <testcase classname="testDemo1.Application" name="registerNewUser" time="5.735"/>
  <testcase classname="testDemo1.Application" name="launchGoogle" time="0.874"/>
</testsuite> <!-- testDemo1.Application -->
