<?xml version="1.0" encoding="UTF-8"?>
<!-- Generated by org.testng.reporters.JUnitReportReporter -->
<testsuite hostname="Deepa" failures="0" tests="2" name="testDemo1.Application" time="11.142" errors="0" timestamp="2025-08-13T20:24:29 IST" skipped="0">
  <testcase classname="testDemo1.Application" name="registerNewUser" time="10.490"/>
  <testcase classname="testDemo1.Application" name="launchGoogle" time="0.652"/>
</testsuite> <!-- testDemo1.Application -->
