<?xml version="1.0" encoding="UTF-8"?>
<!-- Generated by org.testng.reporters.JUnitReportReporter -->
<testsuite hostname="Deepa" failures="0" tests="1" name="Test_07.Singleton_Test" time="0.470" errors="0" timestamp="2025-08-20T16:56:08 IST" skipped="0">
  <testcase classname="Test_07.Singleton_Test" name="testDown" time="0.470"/>
</testsuite> <!-- Test_07.Singleton_Test -->
