<?xml version="1.0" encoding="UTF-8"?>
<!-- Generated by org.testng.reporters.JUnitReportReporter -->
<testsuite hostname="Deepa" failures="0" tests="1" name="Test_08.MainTest" time="15.254" errors="0" timestamp="2025-08-21T09:15:15 IST" skipped="0">
  <testcase classname="Test_08.MainTest" name="verifyValidLogin" time="15.254"/>
</testsuite> <!-- Test_08.MainTest -->
