<?xml version="1.0" encoding="UTF-8"?>
<!-- Generated by org.testng.reporters.JUnitReportReporter -->
<testsuite hostname="Deepa" failures="0" tests="4" name="Test_06.SauceDemoLoginTest" time="31.330" errors="0" timestamp="2025-08-19T16:47:17 IST" skipped="0">
  <testcase classname="Test_06.SauceDemoLoginTest" name="loginTest" time="6.080"/>
  <testcase classname="Test_06.SauceDemoLoginTest" name="loginTest" time="8.897"/>
  <testcase classname="Test_06.SauceDemoLoginTest" name="loginTest" time="10.563"/>
  <testcase classname="Test_06.SauceDemoLoginTest" name="loginTest" time="5.790"/>
</testsuite> <!-- Test_06.SauceDemoLoginTest -->
