<?xml version="1.0" encoding="UTF-8"?>
<!-- Generated by org.testng.reporters.JUnitReportReporter -->
<testsuite hostname="Deepa" failures="0" tests="1" name="Test_07.Date_Picker" time="26.438" errors="0" timestamp="2025-08-20T16:30:53 IST" skipped="0">
  <testcase classname="Test_07.Date_Picker" name="DatePickerTest" time="26.438"/>
</testsuite> <!-- Test_07.Date_Picker -->
