<?xml version="1.0" encoding="UTF-8"?>
<!-- Generated by org.testng.reporters.JUnitReportReporter -->
<testsuite hostname="Deepa" failures="0" tests="1" name="Test_07.SyncAndException" time="2.641" errors="0" timestamp="2025-08-20T15:50:05 IST" skipped="0">
  <testcase classname="Test_07.SyncAndException" name="testLogin" time="2.641"/>
</testsuite> <!-- Test_07.SyncAndException -->
