<?xml version="1.0" encoding="UTF-8"?>
<!-- Generated by org.testng.reporters.JUnitReportReporter -->
<testsuite hostname="Deepa" failures="0" tests="3" name="Test_05.DemoNop" time="145.650" errors="0" timestamp="2025-08-17T21:14:02 IST" skipped="2">
  <testcase classname="Test_05.DemoNop" name="searchProducts" time="145.650"/>
  <testcase classname="Test_05.DemoNop" name="RegisterPage">
    <skipped/>
  </testcase> <!-- RegisterPage -->
  <testcase classname="Test_05.DemoNop" name="LoginPage">
    <skipped/>
  </testcase> <!-- LoginPage -->
</testsuite> <!-- Test_05.DemoNop -->
