<?xml version="1.0" encoding="UTF-8"?>
<!-- Generated by org.testng.reporters.JUnitReportReporter -->
<testsuite hostname="Deepa" failures="0" tests="2" name="Test_07.IFrames" time="9.789" errors="0" timestamp="2025-08-20T16:33:34 IST" skipped="0">
  <testcase classname="Test_07.IFrames" name="Frame1" time="0.655"/>
  <testcase classname="Test_07.IFrames" name="Frame2" time="9.134"/>
</testsuite> <!-- Test_07.IFrames -->
