<?xml version="1.0" encoding="UTF-8"?>
<!-- Generated by org.testng.reporters.JUnitReportReporter -->
<testsuite hostname="Deepa" failures="0" tests="6" name="Test_05.GroupTest" time="0.023" errors="0" timestamp="2025-08-18T18:18:25 IST" skipped="0">
  <testcase classname="Test_05.GroupTest" name="Test6" time="0.004"/>
  <testcase classname="Test_05.GroupTest" name="Test1" time="0.009"/>
  <testcase classname="Test_05.GroupTest" name="Test3" time="0.002"/>
  <testcase classname="Test_05.GroupTest" name="Test2" time="0.003"/>
  <testcase classname="Test_05.GroupTest" name="Test5" time="0.003"/>
  <testcase classname="Test_05.GroupTest" name="Test4" time="0.002"/>
</testsuite> <!-- Test_05.GroupTest -->
