<?xml version="1.0" encoding="UTF-8"?>
<!-- Generated by org.testng.reporters.JUnitReportReporter -->
<testsuite hostname="Deepa" failures="0" tests="1" name="testDemo1.Annotations" time="7.973" errors="0" timestamp="2025-08-13T20:29:12 IST" skipped="0">
  <testcase classname="testDemo1.Annotations" name="LoginTest" time="7.973"/>
</testsuite> <!-- testDemo1.Annotations -->
