<?xml version="1.0" encoding="UTF-8"?>
<!-- Generated by org.testng.reporters.JUnitReportReporter -->
<testsuite hostname="Deepa" failures="0" tests="1" name="Test_05.DataProvider_Practice" time="12.290" errors="0" timestamp="2025-08-20T15:41:59 IST" skipped="0">
  <testcase classname="Test_05.DataProvider_Practice" name="login" time="12.290"/>
</testsuite> <!-- Test_05.DataProvider_Practice -->
