<?xml version="1.0" encoding="UTF-8"?>
<!-- Generated by org.testng.reporters.JUnitReportReporter -->
<testsuite hostname="Deepa" failures="0" tests="1" name="Test_07.DragandDrop" time="19.061" errors="0" timestamp="2025-08-20T09:50:33 IST" skipped="0">
  <testcase classname="Test_07.DragandDrop" name="testDragAndDrop" time="19.061"/>
</testsuite> <!-- Test_07.DragandDrop -->
