<?xml version="1.0" encoding="UTF-8"?>
<!-- Generated by org.testng.reporters.JUnitReportReporter -->
<testsuite hostname="Deepa" failures="0" tests="1" name="Test_07.AlertBox" time="21.212" errors="0" timestamp="2025-08-20T16:24:13 IST" skipped="0">
  <testcase classname="Test_07.AlertBox" name="testAlerts" time="21.212"/>
</testsuite> <!-- Test_07.AlertBox -->
