<?xml version="1.0" encoding="UTF-8"?>
<!-- Generated by org.testng.reporters.JUnitReportReporter -->
<testsuite hostname="Deepa" failures="0" tests="3" name="Test_05.SmokeTesting" time="42.235" errors="0" timestamp="2025-08-18T18:18:25 IST" skipped="0">
  <testcase classname="Test_05.SmokeTesting" name="verifyLoginPageLoads" time="16.084"/>
  <testcase classname="Test_05.SmokeTesting" name="verifyProfilePageLoads" time="12.918"/>
  <testcase classname="Test_05.SmokeTesting" name="verifyHomePageLoads" time="13.233"/>
</testsuite> <!-- Test_05.SmokeTesting -->
