<?xml version="1.0" encoding="UTF-8"?>
<!-- Generated by org.testng.reporters.JUnitReportReporter -->
<testsuite hostname="Deepa" failures="0" tests="2" name="Day_22.NopCommerceDemoStore" time="4.664" errors="0" timestamp="2025-08-18T17:05:00 IST" skipped="0">
  <testcase classname="Day_22.NopCommerceDemoStore" name="register" time="2.699"/>
  <testcase classname="Day_22.NopCommerceDemoStore" name="launchGoogle" time="1.965"/>
</testsuite> <!-- Day_22.NopCommerceDemoStore -->
