<?xml version="1.0" encoding="UTF-8"?>
<!-- Generated by org.testng.reporters.JUnitReportReporter -->
<testsuite hostname="Deepa" failures="0" tests="4" name="runner.TestRunner" time="14.766" errors="0" timestamp="2025-08-20T13:22:17 IST" skipped="0">
  <testcase classname="runner.TestRunner" name="runScenario" time="0.004"/>
  <testcase classname="runner.TestRunner" name="runScenario" time="5.227"/>
  <testcase classname="runner.TestRunner" name="runScenario" time="0.002"/>
  <testcase classname="runner.TestRunner" name="runScenario" time="9.533"/>
</testsuite> <!-- runner.TestRunner -->
